<?xml version="1.0" encoding="UTF-8"?>
<testng-results skipped="0" failed="0" total="1" passed="1">
  <reporter-output>
  </reporter-output>
  <suite name="Default suite" duration-ms="14376" started-at="2021-07-16T09:04:41Z" finished-at="2021-07-16T09:04:56Z">
    <groups>
    </groups>
    <test name="Default test" duration-ms="14376" started-at="2021-07-16T09:04:41Z" finished-at="2021-07-16T09:04:56Z">
      <class name="frameworkImplementation.loginin_test_TestNG">
        <test-method status="PASS" signature="SetupTest()[pri:0, instance:frameworkImplementation.loginin_test_TestNG@27c20538]" name="SetupTest" is-config="true" duration-ms="5602" started-at="2021-07-16T15:04:41Z" finished-at="2021-07-16T15:04:47Z">
          <reporter-output>
          </reporter-output>
        </test-method> <!-- SetupTest -->
        <test-method status="PASS" signature="Test()[pri:0, instance:frameworkImplementation.loginin_test_TestNG@27c20538]" name="Test" duration-ms="7436" started-at="2021-07-16T15:04:47Z" finished-at="2021-07-16T15:04:55Z">
          <reporter-output>
          </reporter-output>
        </test-method> <!-- Test -->
        <test-method status="PASS" signature="Teardown()[pri:0, instance:frameworkImplementation.loginin_test_TestNG@27c20538]" name="Teardown" is-config="true" duration-ms="1312" started-at="2021-07-16T15:04:55Z" finished-at="2021-07-16T15:04:56Z">
          <reporter-output>
          </reporter-output>
        </test-method> <!-- Teardown -->
      </class> <!-- frameworkImplementation.loginin_test_TestNG -->
    </test> <!-- Default test -->
  </suite> <!-- Default suite -->
</testng-results>
